<?xml version="1.0" encoding="UTF-8"?>
<!-- Generated by org.testng.reporters.JUnitReportReporter -->
<testsuite hostname="Govardhan-PC" name="Pack1.EXception_Ifcondition" tests="2" failures="0" timestamp="6 Jan 2016 18:56:06 GMT" time="53.398" errors="0">
  <testcase name="test" time="24.591" classname="Pack1.EXception_Ifcondition"/>
  <testcase name="quikr" time="28.807" classname="Pack1.EXception_Ifcondition"/>
</testsuite> <!-- Pack1.EXception_Ifcondition -->
