<?xml version="1.0" encoding="UTF-8"?>
<!-- Generated by org.testng.reporters.JUnitReportReporter -->
<testsuite hostname="Govardhan-PC" name="Pack1.Screenshots" tests="1" failures="0" timestamp="6 Jan 2016 19:06:09 GMT" time="21.346" errors="0">
  <testcase name="test" time="21.346" classname="Pack1.Screenshots"/>
</testsuite> <!-- Pack1.Screenshots -->
