<?xml version="1.0" encoding="UTF-8"?>
<!-- Generated by org.testng.reporters.JUnitReportReporter -->
<testsuite hostname="Govardhan-PC" name="Pack1.Exception_TryCatchBlack" tests="1" failures="0" timestamp="6 Jan 2016 19:18:36 GMT" time="19.078" errors="0">
  <testcase name="test" time="19.078" classname="Pack1.Exception_TryCatchBlack"/>
</testsuite> <!-- Pack1.Exception_TryCatchBlack -->
